<?xml version="1.0" encoding="UTF-8"?>
<!-- Generated by org.testng.reporters.JUnitReportReporter -->
<testsuite skipped="0" hostname="LENOVO-PC" name="tests.BusHireTest" tests="1" failures="0" timestamp="12 Aug 2020 13:13:13 GMT" time="6.406" errors="0">
  <testcase name="clickOnBusHiretab" time="6.406" classname="tests.BusHireTest"/>
</testsuite> <!-- tests.BusHireTest -->
