<?xml version="1.0" encoding="UTF-8"?>
<!-- Generated by org.testng.reporters.JUnitReportReporter -->
<testsuite skipped="0" hostname="LENOVO-PC" name="tests.BusHireTest" tests="1" failures="0" timestamp="08 Aug 2020 17:56:48 GMT" time="29.373" errors="0">
  <testcase name="clickOnBusHiretab" time="29.373" classname="tests.BusHireTest"/>
</testsuite> <!-- tests.BusHireTest -->
