<?xml version="1.0" encoding="UTF-8"?>
<!-- Generated by org.testng.reporters.JUnitReportReporter -->
<testsuite skipped="0" hostname="LENOVO-PC" name="tests.RedBusHomePageTest" tests="3" failures="0" timestamp="08 Aug 2020 18:37:28 GMT" time="42.592" errors="0">
  <testcase name="checkTitle" time="6.378" classname="tests.RedBusHomePageTest"/>
  <testcase name="bookTicketForRedBus" time="29.271" classname="tests.RedBusHomePageTest"/>
  <testcase name="checkLogoOfHomePage" time="6.943" classname="tests.RedBusHomePageTest"/>
</testsuite> <!-- tests.RedBusHomePageTest -->
